{"/Users/violettacvetkova/Documents/projects/loan-conveyer/conveyer/src/db.ts": {"path":"/Users/violettacvetkova/Documents/projects/loan-conveyer/conveyer/src/db.ts","statementMap":{"0":{"start":{"line":1,"column":0},"end":{"line":1,"column":35}},"1":{"start":{"line":2,"column":13},"end":{"line":2,"column":31}},"2":{"start":{"line":3,"column":13},"end":{"line":3,"column":74}}},"fnMap":{},"branchMap":{},"s":{"0":1,"1":1,"2":1},"f":{},"b":{}}
,"/Users/violettacvetkova/Documents/projects/loan-conveyer/conveyer/src/controllers/calculate.controller.ts": {"path":"/Users/violettacvetkova/Documents/projects/loan-conveyer/conveyer/src/controllers/calculate.controller.ts","statementMap":{"0":{"start":{"line":2,"column":0},"end":{"line":2,"column":76}},"1":{"start":{"line":3,"column":0},"end":{"line":3,"column":65}},"2":{"start":{"line":4,"column":0},"end":{"line":4,"column":60}},"3":{"start":{"line":5,"column":0},"end":{"line":5,"column":69}},"4":{"start":{"line":7,"column":0},"end":{"line":7,"column":50}},"5":{"start":{"line":8,"column":0},"end":{"line":8,"column":30}},"6":{"start":{"line":9,"column":0},"end":{"line":9,"column":46}},"7":{"start":{"line":11,"column":34},"end":{"line":70,"column":1}},"8":{"start":{"line":12,"column":4},"end":{"line":68,"column":null}},"9":{"start":{"line":13,"column":8},"end":{"line":13,"column":46}},"10":{"start":{"line":14,"column":30},"end":{"line":14,"column":54}},"11":{"start":{"line":15,"column":8},"end":{"line":15,"column":65}},"12":{"start":{"line":17,"column":27},"end":{"line":18,"column":59}},"13":{"start":{"line":20,"column":8},"end":{"line":22,"column":null}},"14":{"start":{"line":21,"column":12},"end":{"line":21,"column":108}},"15":{"start":{"line":24,"column":25},"end":{"line":24,"column":45}},"16":{"start":{"line":25,"column":26},"end":{"line":25,"column":99}},"17":{"start":{"line":27,"column":8},"end":{"line":48,"column":null}},"18":{"start":{"line":28,"column":12},"end":{"line":28,"column":43}},"19":{"start":{"line":29,"column":12},"end":{"line":45,"column":null}},"20":{"start":{"line":30,"column":35},"end":{"line":30,"column":255}},"21":{"start":{"line":32,"column":33},"end":{"line":32,"column":53}},"22":{"start":{"line":33,"column":34},"end":{"line":33,"column":107}},"23":{"start":{"line":35,"column":16},"end":{"line":35,"column":41}},"24":{"start":{"line":36,"column":46},"end":{"line":41,"column":18}},"25":{"start":{"line":42,"column":16},"end":{"line":42,"column":59}},"26":{"start":{"line":44,"column":16},"end":{"line":44,"column":68}},"27":{"start":{"line":47,"column":12},"end":{"line":47,"column":61}},"28":{"start":{"line":49,"column":23},"end":{"line":49,"column":78}},"29":{"start":{"line":51,"column":8},"end":{"line":63,"column":null}},"30":{"start":{"line":52,"column":12},"end":{"line":52,"column":57}},"31":{"start":{"line":53,"column":12},"end":{"line":53,"column":37}},"32":{"start":{"line":54,"column":42},"end":{"line":59,"column":14}},"33":{"start":{"line":60,"column":12},"end":{"line":60,"column":55}},"34":{"start":{"line":62,"column":12},"end":{"line":62,"column":84}},"35":{"start":{"line":64,"column":8},"end":{"line":64,"column":32}},"36":{"start":{"line":66,"column":8},"end":{"line":66,"column":58}},"37":{"start":{"line":67,"column":8},"end":{"line":67,"column":25}},"38":{"start":{"line":11,"column":13},"end":{"line":11,"column":34}}},"fnMap":{"0":{"name":"(anonymous_0)","decl":{"start":{"line":11,"column":34},"end":{"line":11,"column":39}},"loc":{"start":{"line":11,"column":92},"end":{"line":70,"column":1}}}},"branchMap":{"0":{"loc":{"start":{"line":20,"column":8},"end":{"line":22,"column":null}},"type":"if","locations":[{"start":{"line":20,"column":8},"end":{"line":22,"column":null}}]},"1":{"loc":{"start":{"line":20,"column":11},"end":{"line":20,"column":101}},"type":"binary-expr","locations":[{"start":{"line":20,"column":11},"end":{"line":20,"column":55}},{"start":{"line":20,"column":59},"end":{"line":20,"column":101}}]},"2":{"loc":{"start":{"line":27,"column":8},"end":{"line":48,"column":null}},"type":"if","locations":[{"start":{"line":27,"column":8},"end":{"line":48,"column":null}}]},"3":{"loc":{"start":{"line":51,"column":8},"end":{"line":63,"column":null}},"type":"if","locations":[{"start":{"line":51,"column":8},"end":{"line":63,"column":null}}]}},"s":{"0":1,"1":1,"2":1,"3":1,"4":1,"5":1,"6":1,"7":1,"8":1,"9":1,"10":1,"11":1,"12":1,"13":1,"14":0,"15":1,"16":1,"17":1,"18":0,"19":0,"20":0,"21":0,"22":0,"23":0,"24":0,"25":0,"26":0,"27":0,"28":1,"29":1,"30":0,"31":0,"32":0,"33":0,"34":0,"35":1,"36":0,"37":0,"38":1},"f":{"0":1},"b":{"0":[0],"1":[1,1],"2":[0],"3":[0]}}
,"/Users/violettacvetkova/Documents/projects/loan-conveyer/conveyer/src/errors/errorClasses.ts": {"path":"/Users/violettacvetkova/Documents/projects/loan-conveyer/conveyer/src/errors/errorClasses.ts","statementMap":{"0":{"start":{"line":5,"column":6},"end":{"line":5,"column":21}},"1":{"start":{"line":6,"column":6},"end":{"line":6,"column":28}},"2":{"start":{"line":7,"column":6},"end":{"line":7,"column":36}},"3":{"start":{"line":1,"column":0},"end":{"line":1,"column":13}},"4":{"start":{"line":15,"column":8},"end":{"line":15,"column":23}},"5":{"start":{"line":16,"column":8},"end":{"line":16,"column":30}},"6":{"start":{"line":17,"column":8},"end":{"line":17,"column":36}},"7":{"start":{"line":11,"column":0},"end":{"line":11,"column":13}},"8":{"start":{"line":25,"column":6},"end":{"line":25,"column":21}},"9":{"start":{"line":26,"column":6},"end":{"line":26,"column":28}},"10":{"start":{"line":27,"column":6},"end":{"line":27,"column":42}},"11":{"start":{"line":21,"column":0},"end":{"line":21,"column":13}},"12":{"start":{"line":36,"column":6},"end":{"line":36,"column":21}},"13":{"start":{"line":37,"column":6},"end":{"line":37,"column":28}},"14":{"start":{"line":38,"column":6},"end":{"line":38,"column":39}},"15":{"start":{"line":32,"column":0},"end":{"line":32,"column":13}},"16":{"start":{"line":47,"column":8},"end":{"line":47,"column":23}},"17":{"start":{"line":48,"column":6},"end":{"line":48,"column":28}},"18":{"start":{"line":49,"column":8},"end":{"line":49,"column":38}},"19":{"start":{"line":43,"column":0},"end":{"line":43,"column":13}},"20":{"start":{"line":57,"column":8},"end":{"line":57,"column":23}},"21":{"start":{"line":58,"column":6},"end":{"line":58,"column":28}},"22":{"start":{"line":59,"column":8},"end":{"line":59,"column":34}},"23":{"start":{"line":53,"column":0},"end":{"line":53,"column":13}}},"fnMap":{"0":{"name":"(anonymous_0)","decl":{"start":{"line":4,"column":4},"end":{"line":4,"column":16}},"loc":{"start":{"line":4,"column":31},"end":{"line":8,"column":5}}},"1":{"name":"(anonymous_1)","decl":{"start":{"line":14,"column":4},"end":{"line":14,"column":16}},"loc":{"start":{"line":14,"column":31},"end":{"line":18,"column":5}}},"2":{"name":"(anonymous_2)","decl":{"start":{"line":24,"column":4},"end":{"line":24,"column":16}},"loc":{"start":{"line":24,"column":31},"end":{"line":29,"column":5}}},"3":{"name":"(anonymous_3)","decl":{"start":{"line":35,"column":4},"end":{"line":35,"column":16}},"loc":{"start":{"line":35,"column":31},"end":{"line":40,"column":5}}},"4":{"name":"(anonymous_4)","decl":{"start":{"line":46,"column":4},"end":{"line":46,"column":16}},"loc":{"start":{"line":46,"column":31},"end":{"line":50,"column":5}}},"5":{"name":"(anonymous_5)","decl":{"start":{"line":56,"column":4},"end":{"line":56,"column":16}},"loc":{"start":{"line":56,"column":31},"end":{"line":60,"column":5}}}},"branchMap":{},"s":{"0":0,"1":0,"2":0,"3":1,"4":0,"5":0,"6":0,"7":1,"8":0,"9":0,"10":0,"11":1,"12":0,"13":0,"14":0,"15":1,"16":0,"17":0,"18":0,"19":1,"20":0,"21":0,"22":0,"23":1},"f":{"0":0,"1":0,"2":0,"3":0,"4":0,"5":0},"b":{}}
,"/Users/violettacvetkova/Documents/projects/loan-conveyer/conveyer/src/helpers/logger.ts": {"path":"/Users/violettacvetkova/Documents/projects/loan-conveyer/conveyer/src/helpers/logger.ts","statementMap":{"0":{"start":{"line":1,"column":0},"end":{"line":1,"column":30}},"1":{"start":{"line":3,"column":13},"end":{"line":11,"column":3}},"2":{"start":{"line":13,"column":0},"end":{"line":17,"column":null}},"3":{"start":{"line":14,"column":4},"end":{"line":16,"column":8}}},"fnMap":{},"branchMap":{"0":{"loc":{"start":{"line":13,"column":0},"end":{"line":17,"column":null}},"type":"if","locations":[{"start":{"line":13,"column":0},"end":{"line":17,"column":null}}]}},"s":{"0":2,"1":2,"2":2,"3":2},"f":{},"b":{"0":[2]}}
,"/Users/violettacvetkova/Documents/projects/loan-conveyer/conveyer/src/services/scoreApplication.ts": {"path":"/Users/violettacvetkova/Documents/projects/loan-conveyer/conveyer/src/services/scoreApplication.ts","statementMap":{"0":{"start":{"line":2,"column":0},"end":{"line":2,"column":45}},"1":{"start":{"line":3,"column":0},"end":{"line":3,"column":86}},"2":{"start":{"line":4,"column":0},"end":{"line":4,"column":46}},"3":{"start":{"line":7,"column":4},"end":{"line":7,"column":54}},"4":{"start":{"line":9,"column":23},"end":{"line":9,"column":26}},"5":{"start":{"line":10,"column":18},"end":{"line":10,"column":47}},"6":{"start":{"line":19,"column":8},"end":{"line":19,"column":12}},"7":{"start":{"line":21,"column":16},"end":{"line":21,"column":66}},"8":{"start":{"line":22,"column":28},"end":{"line":22,"column":58}},"9":{"start":{"line":23,"column":30},"end":{"line":23,"column":62}},"10":{"start":{"line":24,"column":4},"end":{"line":29,"column":null}},"11":{"start":{"line":25,"column":8},"end":{"line":25,"column":101}},"12":{"start":{"line":26,"column":8},"end":{"line":26,"column":29}},"13":{"start":{"line":27,"column":8},"end":{"line":27,"column":51}},"14":{"start":{"line":31,"column":4},"end":{"line":35,"column":null}},"15":{"start":{"line":32,"column":8},"end":{"line":32,"column":60}},"16":{"start":{"line":33,"column":8},"end":{"line":33,"column":29}},"17":{"start":{"line":34,"column":8},"end":{"line":34,"column":51}},"18":{"start":{"line":37,"column":4},"end":{"line":41,"column":null}},"19":{"start":{"line":38,"column":8},"end":{"line":38,"column":85}},"20":{"start":{"line":39,"column":8},"end":{"line":39,"column":29}},"21":{"start":{"line":40,"column":8},"end":{"line":40,"column":51}},"22":{"start":{"line":43,"column":4},"end":{"line":47,"column":null}},"23":{"start":{"line":44,"column":8},"end":{"line":44,"column":55}},"24":{"start":{"line":45,"column":8},"end":{"line":45,"column":29}},"25":{"start":{"line":46,"column":8},"end":{"line":46,"column":51}},"26":{"start":{"line":49,"column":4},"end":{"line":51,"column":null}},"27":{"start":{"line":50,"column":8},"end":{"line":50,"column":29}},"28":{"start":{"line":53,"column":4},"end":{"line":55,"column":null}},"29":{"start":{"line":54,"column":8},"end":{"line":54,"column":29}},"30":{"start":{"line":57,"column":4},"end":{"line":59,"column":null}},"31":{"start":{"line":58,"column":8},"end":{"line":58,"column":29}},"32":{"start":{"line":61,"column":4},"end":{"line":63,"column":null}},"33":{"start":{"line":62,"column":8},"end":{"line":62,"column":29}},"34":{"start":{"line":65,"column":4},"end":{"line":67,"column":null}},"35":{"start":{"line":66,"column":8},"end":{"line":66,"column":29}},"36":{"start":{"line":69,"column":4},"end":{"line":71,"column":null}},"37":{"start":{"line":70,"column":8},"end":{"line":70,"column":29}},"38":{"start":{"line":73,"column":4},"end":{"line":75,"column":null}},"39":{"start":{"line":74,"column":8},"end":{"line":74,"column":29}},"40":{"start":{"line":77,"column":4},"end":{"line":80,"column":null}},"41":{"start":{"line":79,"column":8},"end":{"line":79,"column":29}},"42":{"start":{"line":83,"column":4},"end":{"line":83,"column":57}},"43":{"start":{"line":146,"column":9},"end":{"line":146,"column":23}},"44":{"start":{"line":87,"column":4},"end":{"line":87,"column":49}},"45":{"start":{"line":91,"column":24},"end":{"line":91,"column":33}},"46":{"start":{"line":92,"column":23},"end":{"line":92,"column":32}},"47":{"start":{"line":94,"column":27},"end":{"line":94,"column":155}},"48":{"start":{"line":96,"column":24},"end":{"line":96,"column":51}},"49":{"start":{"line":99,"column":16},"end":{"line":99,"column":41}},"50":{"start":{"line":101,"column":28},"end":{"line":101,"column":106}},"51":{"start":{"line":103,"column":30},"end":{"line":112,"column":6}},"52":{"start":{"line":114,"column":4},"end":{"line":114,"column":18}},"53":{"start":{"line":146,"column":25},"end":{"line":146,"column":50}},"54":{"start":{"line":119,"column":4},"end":{"line":119,"column":48}},"55":{"start":{"line":121,"column":54},"end":{"line":121,"column":56}},"56":{"start":{"line":122,"column":24},"end":{"line":122,"column":30}},"57":{"start":{"line":124,"column":4},"end":{"line":140,"column":null}},"58":{"start":{"line":124,"column":17},"end":{"line":124,"column":18}},"59":{"start":{"line":125,"column":32},"end":{"line":125,"column":70}},"60":{"start":{"line":126,"column":28},"end":{"line":126,"column":71}},"61":{"start":{"line":127,"column":8},"end":{"line":127,"column":37}},"62":{"start":{"line":129,"column":32},"end":{"line":129,"column":42}},"63":{"start":{"line":130,"column":8},"end":{"line":130,"column":69}},"64":{"start":{"line":132,"column":8},"end":{"line":139,"column":11}},"65":{"start":{"line":142,"column":4},"end":{"line":142,"column":27}}},"fnMap":{"0":{"name":"performScoring","decl":{"start":{"line":6,"column":9},"end":{"line":6,"column":23}},"loc":{"start":{"line":6,"column":44},"end":{"line":84,"column":1}}},"1":{"name":"calculateCreditParameters","decl":{"start":{"line":86,"column":9},"end":{"line":86,"column":34}},"loc":{"start":{"line":86,"column":69},"end":{"line":115,"column":1}}},"2":{"name":"calculatePaymentSchedule","decl":{"start":{"line":118,"column":9},"end":{"line":118,"column":33}},"loc":{"start":{"line":118,"column":113},"end":{"line":143,"column":1}}}},"branchMap":{"0":{"loc":{"start":{"line":24,"column":4},"end":{"line":29,"column":null}},"type":"if","locations":[{"start":{"line":24,"column":4},"end":{"line":29,"column":null}}]},"1":{"loc":{"start":{"line":24,"column":8},"end":{"line":24,"column":28}},"type":"binary-expr","locations":[{"start":{"line":24,"column":8},"end":{"line":24,"column":16}},{"start":{"line":24,"column":20},"end":{"line":24,"column":28}}]},"2":{"loc":{"start":{"line":31,"column":4},"end":{"line":35,"column":null}},"type":"if","locations":[{"start":{"line":31,"column":4},"end":{"line":35,"column":null}}]},"3":{"loc":{"start":{"line":31,"column":8},"end":{"line":31,"column":53}},"type":"binary-expr","locations":[{"start":{"line":31,"column":8},"end":{"line":31,"column":28}},{"start":{"line":31,"column":32},"end":{"line":31,"column":53}}]},"4":{"loc":{"start":{"line":37,"column":4},"end":{"line":41,"column":null}},"type":"if","locations":[{"start":{"line":37,"column":4},"end":{"line":41,"column":null}}]},"5":{"loc":{"start":{"line":43,"column":4},"end":{"line":47,"column":null}},"type":"if","locations":[{"start":{"line":43,"column":4},"end":{"line":47,"column":null}}]},"6":{"loc":{"start":{"line":49,"column":4},"end":{"line":51,"column":null}},"type":"if","locations":[{"start":{"line":49,"column":4},"end":{"line":51,"column":null}}]},"7":{"loc":{"start":{"line":53,"column":4},"end":{"line":55,"column":null}},"type":"if","locations":[{"start":{"line":53,"column":4},"end":{"line":55,"column":null}}]},"8":{"loc":{"start":{"line":57,"column":4},"end":{"line":59,"column":null}},"type":"if","locations":[{"start":{"line":57,"column":4},"end":{"line":59,"column":null}}]},"9":{"loc":{"start":{"line":61,"column":4},"end":{"line":63,"column":null}},"type":"if","locations":[{"start":{"line":61,"column":4},"end":{"line":63,"column":null}}]},"10":{"loc":{"start":{"line":65,"column":4},"end":{"line":67,"column":null}},"type":"if","locations":[{"start":{"line":65,"column":4},"end":{"line":67,"column":null}}]},"11":{"loc":{"start":{"line":69,"column":4},"end":{"line":71,"column":null}},"type":"if","locations":[{"start":{"line":69,"column":4},"end":{"line":71,"column":null}}]},"12":{"loc":{"start":{"line":73,"column":4},"end":{"line":75,"column":null}},"type":"if","locations":[{"start":{"line":73,"column":4},"end":{"line":75,"column":null}}]},"13":{"loc":{"start":{"line":77,"column":4},"end":{"line":80,"column":null}},"type":"if","locations":[{"start":{"line":77,"column":4},"end":{"line":80,"column":null}}]},"14":{"loc":{"start":{"line":77,"column":8},"end":{"line":78,"column":58}},"type":"binary-expr","locations":[{"start":{"line":77,"column":9},"end":{"line":77,"column":33}},{"start":{"line":77,"column":37},"end":{"line":77,"column":46}},{"start":{"line":77,"column":50},"end":{"line":77,"column":59}},{"start":{"line":78,"column":9},"end":{"line":78,"column":31}},{"start":{"line":78,"column":35},"end":{"line":78,"column":44}},{"start":{"line":78,"column":48},"end":{"line":78,"column":57}}]}},"s":{"0":1,"1":1,"2":1,"3":0,"4":0,"5":0,"6":0,"7":0,"8":0,"9":0,"10":0,"11":0,"12":0,"13":0,"14":0,"15":0,"16":0,"17":0,"18":0,"19":0,"20":0,"21":0,"22":0,"23":0,"24":0,"25":0,"26":0,"27":0,"28":0,"29":0,"30":0,"31":0,"32":0,"33":0,"34":0,"35":0,"36":0,"37":0,"38":0,"39":0,"40":0,"41":0,"42":0,"43":1,"44":0,"45":0,"46":0,"47":0,"48":0,"49":0,"50":0,"51":0,"52":0,"53":1,"54":0,"55":0,"56":0,"57":0,"58":0,"59":0,"60":0,"61":0,"62":0,"63":0,"64":0,"65":0},"f":{"0":0,"1":0,"2":0},"b":{"0":[0],"1":[0,0],"2":[0],"3":[0,0],"4":[0],"5":[0],"6":[0],"7":[0],"8":[0],"9":[0],"10":[0],"11":[0],"12":[0],"13":[0],"14":[0,0,0,0,0,0]}}
,"/Users/violettacvetkova/Documents/projects/loan-conveyer/conveyer/src/types/types.ts": {"path":"/Users/violettacvetkova/Documents/projects/loan-conveyer/conveyer/src/types/types.ts","statementMap":{"0":{"start":{"line":1,"column":0},"end":{"line":1,"column":21}},"1":{"start":{"line":1,"column":21},"end":{"line":1,"column":37}},"2":{"start":{"line":1,"column":37},"end":{"line":1,"column":56}},"3":{"start":{"line":1,"column":56},"end":{"line":1,"column":81}},"4":{"start":{"line":2,"column":0},"end":{"line":2,"column":27}},"5":{"start":{"line":2,"column":27},"end":{"line":2,"column":49}},"6":{"start":{"line":2,"column":49},"end":{"line":2,"column":73}},"7":{"start":{"line":2,"column":73},"end":{"line":2,"column":92}},"8":{"start":{"line":2,"column":92},"end":{"line":2,"column":123}},"9":{"start":{"line":3,"column":0},"end":{"line":3,"column":30}},"10":{"start":{"line":3,"column":30},"end":{"line":3,"column":58}},"11":{"start":{"line":3,"column":58},"end":{"line":3,"column":91}},"12":{"start":{"line":3,"column":91},"end":{"line":3,"column":125}},"13":{"start":{"line":3,"column":125},"end":{"line":3,"column":147}},"14":{"start":{"line":4,"column":0},"end":{"line":4,"column":22}},"15":{"start":{"line":4,"column":22},"end":{"line":4,"column":54}},"16":{"start":{"line":4,"column":54},"end":{"line":4,"column":83}},"17":{"start":{"line":4,"column":83},"end":{"line":4,"column":102}},"18":{"start":{"line":4,"column":102},"end":{"line":4,"column":118}},"19":{"start":{"line":5,"column":0},"end":{"line":5,"column":28}},"20":{"start":{"line":5,"column":28},"end":{"line":5,"column":72}},"21":{"start":{"line":5,"column":72},"end":{"line":5,"column":null}},"22":{"start":{"line":6,"column":0},"end":{"line":6,"column":34}},"23":{"start":{"line":6,"column":34},"end":{"line":6,"column":56}},"24":{"start":{"line":6,"column":56},"end":{"line":6,"column":88}},"25":{"start":{"line":6,"column":88},"end":{"line":6,"column":129}}},"fnMap":{"0":{"name":"(anonymous_0)","decl":{"start":{"line":1,"column":0},"end":{"line":1,"column":12}},"loc":{"start":{"line":1,"column":18},"end":{"line":1,"column":82}}},"1":{"name":"(anonymous_1)","decl":{"start":{"line":2,"column":0},"end":{"line":2,"column":12}},"loc":{"start":{"line":2,"column":25},"end":{"line":2,"column":123}}},"2":{"name":"(anonymous_2)","decl":{"start":{"line":3,"column":0},"end":{"line":3,"column":12}},"loc":{"start":{"line":3,"column":28},"end":{"line":3,"column":147}}},"3":{"name":"(anonymous_3)","decl":{"start":{"line":4,"column":0},"end":{"line":4,"column":12}},"loc":{"start":{"line":4,"column":20},"end":{"line":4,"column":118}}},"4":{"name":"(anonymous_4)","decl":{"start":{"line":5,"column":0},"end":{"line":5,"column":12}},"loc":{"start":{"line":5,"column":25},"end":{"line":6,"column":130}}}},"branchMap":{"0":{"loc":{"start":{"line":1,"column":12},"end":{"line":1,"column":21}},"type":"binary-expr","locations":[{"start":{"line":1,"column":12},"end":{"line":1,"column":18}},{"start":{"line":1,"column":18},"end":{"line":1,"column":21}}]},"1":{"loc":{"start":{"line":2,"column":12},"end":{"line":2,"column":27}},"type":"binary-expr","locations":[{"start":{"line":2,"column":12},"end":{"line":2,"column":25}},{"start":{"line":2,"column":25},"end":{"line":2,"column":27}}]},"2":{"loc":{"start":{"line":3,"column":12},"end":{"line":3,"column":30}},"type":"binary-expr","locations":[{"start":{"line":3,"column":12},"end":{"line":3,"column":28}},{"start":{"line":3,"column":28},"end":{"line":3,"column":30}}]},"3":{"loc":{"start":{"line":4,"column":12},"end":{"line":4,"column":22}},"type":"binary-expr","locations":[{"start":{"line":4,"column":12},"end":{"line":4,"column":20}},{"start":{"line":4,"column":20},"end":{"line":4,"column":22}}]},"4":{"loc":{"start":{"line":5,"column":12},"end":{"line":5,"column":28}},"type":"binary-expr","locations":[{"start":{"line":5,"column":12},"end":{"line":5,"column":25}},{"start":{"line":5,"column":25},"end":{"line":5,"column":28}}]}},"s":{"0":2,"1":2,"2":2,"3":2,"4":2,"5":2,"6":2,"7":2,"8":2,"9":2,"10":2,"11":2,"12":2,"13":2,"14":2,"15":2,"16":2,"17":2,"18":2,"19":2,"20":2,"21":2,"22":2,"23":2,"24":2,"25":2},"f":{"0":2,"1":2,"2":2,"3":2,"4":2},"b":{"0":[2,2],"1":[2,2],"2":[2,2],"3":[2,2],"4":[2,2]}}
}
