TN:
SF:src/db.ts
FNF:0
FNH:0
DA:1,1
DA:2,1
DA:3,1
LF:3
LH:3
BRF:0
BRH:0
end_of_record
TN:
SF:src/controllers/calculate.controller.ts
FN:11,(anonymous_0)
FNF:1
FNH:1
FNDA:1,(anonymous_0)
DA:2,1
DA:3,1
DA:4,1
DA:5,1
DA:7,1
DA:8,1
DA:9,1
DA:11,1
DA:12,1
DA:13,1
DA:14,1
DA:15,1
DA:17,1
DA:20,1
DA:21,0
DA:24,1
DA:25,1
DA:27,1
DA:28,0
DA:29,0
DA:30,0
DA:32,0
DA:33,0
DA:35,0
DA:36,0
DA:42,0
DA:44,0
DA:47,0
DA:49,1
DA:51,1
DA:52,0
DA:53,0
DA:54,0
DA:60,0
DA:62,0
DA:64,1
DA:66,0
DA:67,0
LF:38
LH:20
BRDA:20,0,0,0
BRDA:20,1,0,1
BRDA:20,1,1,1
BRDA:27,2,0,0
BRDA:51,3,0,0
BRF:5
BRH:2
end_of_record
TN:
SF:src/errors/errorClasses.ts
FN:4,(anonymous_0)
FN:14,(anonymous_1)
FN:24,(anonymous_2)
FN:35,(anonymous_3)
FN:46,(anonymous_4)
FN:56,(anonymous_5)
FNF:6
FNH:0
FNDA:0,(anonymous_0)
FNDA:0,(anonymous_1)
FNDA:0,(anonymous_2)
FNDA:0,(anonymous_3)
FNDA:0,(anonymous_4)
FNDA:0,(anonymous_5)
DA:1,1
DA:5,0
DA:6,0
DA:7,0
DA:11,1
DA:15,0
DA:16,0
DA:17,0
DA:21,1
DA:25,0
DA:26,0
DA:27,0
DA:32,1
DA:36,0
DA:37,0
DA:38,0
DA:43,1
DA:47,0
DA:48,0
DA:49,0
DA:53,1
DA:57,0
DA:58,0
DA:59,0
LF:24
LH:6
BRF:0
BRH:0
end_of_record
TN:
SF:src/helpers/logger.ts
FNF:0
FNH:0
DA:1,2
DA:3,2
DA:13,2
DA:14,2
LF:4
LH:4
BRDA:13,0,0,2
BRF:1
BRH:1
end_of_record
TN:
SF:src/services/scoreApplication.ts
FN:6,performScoring
FN:86,calculateCreditParameters
FN:118,calculatePaymentSchedule
FNF:3
FNH:0
FNDA:0,performScoring
FNDA:0,calculateCreditParameters
FNDA:0,calculatePaymentSchedule
DA:2,1
DA:3,1
DA:4,1
DA:7,0
DA:9,0
DA:10,0
DA:19,0
DA:21,0
DA:22,0
DA:23,0
DA:24,0
DA:25,0
DA:26,0
DA:27,0
DA:31,0
DA:32,0
DA:33,0
DA:34,0
DA:37,0
DA:38,0
DA:39,0
DA:40,0
DA:43,0
DA:44,0
DA:45,0
DA:46,0
DA:49,0
DA:50,0
DA:53,0
DA:54,0
DA:57,0
DA:58,0
DA:61,0
DA:62,0
DA:65,0
DA:66,0
DA:69,0
DA:70,0
DA:73,0
DA:74,0
DA:77,0
DA:79,0
DA:83,0
DA:87,0
DA:91,0
DA:92,0
DA:94,0
DA:96,0
DA:99,0
DA:101,0
DA:103,0
DA:114,0
DA:119,0
DA:121,0
DA:122,0
DA:124,0
DA:125,0
DA:126,0
DA:127,0
DA:129,0
DA:130,0
DA:132,0
DA:142,0
DA:146,1
LF:64
LH:4
BRDA:24,0,0,0
BRDA:24,1,0,0
BRDA:24,1,1,0
BRDA:31,2,0,0
BRDA:31,3,0,0
BRDA:31,3,1,0
BRDA:37,4,0,0
BRDA:43,5,0,0
BRDA:49,6,0,0
BRDA:53,7,0,0
BRDA:57,8,0,0
BRDA:61,9,0,0
BRDA:65,10,0,0
BRDA:69,11,0,0
BRDA:73,12,0,0
BRDA:77,13,0,0
BRDA:77,14,0,0
BRDA:77,14,1,0
BRDA:77,14,2,0
BRDA:77,14,3,0
BRDA:77,14,4,0
BRDA:77,14,5,0
BRF:22
BRH:0
end_of_record
TN:
SF:src/types/types.ts
FN:1,(anonymous_0)
FN:2,(anonymous_1)
FN:3,(anonymous_2)
FN:4,(anonymous_3)
FN:5,(anonymous_4)
FNF:5
FNH:5
FNDA:2,(anonymous_0)
FNDA:2,(anonymous_1)
FNDA:2,(anonymous_2)
FNDA:2,(anonymous_3)
FNDA:2,(anonymous_4)
DA:1,2
DA:2,2
DA:3,2
DA:4,2
DA:5,2
DA:6,2
LF:6
LH:6
BRDA:1,0,0,2
BRDA:1,0,1,2
BRDA:2,1,0,2
BRDA:2,1,1,2
BRDA:3,2,0,2
BRDA:3,2,1,2
BRDA:4,3,0,2
BRDA:4,3,1,2
BRDA:5,4,0,2
BRDA:5,4,1,2
BRF:10
BRH:10
end_of_record
